<?xml version="1.0" encoding="UTF-8"?>
<!-- Generated by org.testng.reporters.JUnitXMLReporter -->
<testsuite hostname="ravishbagasi" ignored="6" name="Amazon NAGP Smoke Suite" tests="2" failures="0" timestamp="2021-05-16T21:41:18 IST" time="29.82" errors="0">
  <testcase name="verifyChangeLanguage" time="16.758" classname="amazon_nagp_automation.testclass.SmokeTest"/>
  <testcase name="verifyAmazonPrime" time="11.291" classname="amazon_nagp_automation.testclass.SmokeTest"/>
  <testcase name="verifySearch" time="0.0" classname="amazon_nagp_automation.testclass.SmokeTest">
    <ignored/>
  </testcase> <!-- verifySearch -->
  <testcase name="verifyDeleteAndReAddOrder" time="0.0" classname="amazon_nagp_automation.testclass.SmokeTest">
    <ignored/>
  </testcase> <!-- verifyDeleteAndReAddOrder -->
  <testcase name="verifySelectYourAddress" time="0.0" classname="amazon_nagp_automation.testclass.SmokeTest">
    <ignored/>
  </testcase> <!-- verifySelectYourAddress -->
  <testcase name="verifyInvalidLogin" time="0.0" classname="amazon_nagp_automation.testclass.SmokeTest">
    <ignored/>
  </testcase> <!-- verifyInvalidLogin -->
  <testcase name="verifyAddToCart" time="0.0" classname="amazon_nagp_automation.testclass.SmokeTest">
    <ignored/>
  </testcase> <!-- verifyAddToCart -->
  <testcase name="verifyNewReleases" time="0.0" classname="amazon_nagp_automation.testclass.SmokeTest">
    <ignored/>
  </testcase> <!-- verifyNewReleases -->
</testsuite> <!-- Amazon NAGP Smoke Suite -->
