<?xml version="1.0" encoding="UTF-8"?>
<!-- Generated by org.testng.reporters.JUnitXMLReporter -->
<testsuite hostname="ravishbagasi" name="Chrome Test" tests="2" failures="0" timestamp="23 Feb 2022 07:40:27 GMT" time="0.053" errors="0">
  <testcase name="@AfterMethod tearDown" time="0.0" classname="amazon_nagp_automation.testclass.SmokeTest">
    <failure type="java.lang.NullPointerException">
      <![CDATA[java.lang.NullPointerException
	at amazon_nagp_automation.testclass.SmokeTest.tearDown(SmokeTest.java:56)
	at java.util.concurrent.ThreadPoolExecutor.runWorker(Unknown Source)
	at java.util.concurrent.ThreadPoolExecutor$Worker.run(Unknown Source)
	at java.lang.Thread.run(Unknown Source)
... Removed 12 stack frames]]>
    </failure>
  </testcase> <!-- @AfterMethod tearDown -->
  <testcase name="@AfterMethod getResult" time="0.0" classname="amazon_nagp_automation.testclass.SmokeTest">
    <skipped/>
  </testcase> <!-- @AfterMethod getResult -->
  <testcase name="@AfterMethod tearDown" time="0.0" classname="amazon_nagp_automation.testclass.SmokeTest">
    <skipped/>
  </testcase> <!-- @AfterMethod tearDown -->
  <testcase name="@AfterMethod getResult" time="0.0" classname="amazon_nagp_automation.testclass.SmokeTest">
    <skipped/>
  </testcase> <!-- @AfterMethod getResult -->
  <testcase name="verifyInvalidLogin" time="0.021" classname="amazon_nagp_automation.testclass.SmokeTest"/>
  <testcase name="verifySelectYourAddress" time="0.001" classname="amazon_nagp_automation.testclass.SmokeTest">
    <skipped/>
  </testcase> <!-- verifySelectYourAddress -->
</testsuite> <!-- Chrome Test -->
