<?xml version="1.0" encoding="UTF-8"?>
<!-- Generated by org.testng.reporters.JUnitXMLReporter -->
<testsuite hostname="ravishbagasi" ignored="0" name="Chrome Test" tests="8" failures="0" timestamp="2021-05-16T21:21:05 IST" time="110.563" errors="0">
  <testcase name="verifyAddToCart" time="16.692" classname="amazon_nagp_automation.testclass.SmokeTest"/>
  <testcase name="verifyAmazonPrime" time="8.57" classname="amazon_nagp_automation.testclass.SmokeTest"/>
  <testcase name="verifyChangeLanguage" time="10.257" classname="amazon_nagp_automation.testclass.SmokeTest"/>
  <testcase name="verifyDeleteAndReAddOrder" time="19.58" classname="amazon_nagp_automation.testclass.SmokeTest"/>
  <testcase name="verifyInvalidLogin" time="6.296" classname="amazon_nagp_automation.testclass.SmokeTest"/>
  <testcase name="verifyNewReleases" time="21.583" classname="amazon_nagp_automation.testclass.SmokeTest"/>
  <testcase name="verifySearch" time="8.468" classname="amazon_nagp_automation.testclass.SmokeTest"/>
  <testcase name="verifySelectYourAddress" time="11.541" classname="amazon_nagp_automation.testclass.SmokeTest"/>
</testsuite> <!-- Chrome Test -->
