<?xml version="1.0" encoding="UTF-8"?>
<testsuite xmlns:xsi="http://www.w3.org/2001/XMLSchema-instance" xsi:noNamespaceSchemaLocation="https://maven.apache.org/surefire/maven-surefire-plugin/xsd/surefire-test-report-3.0.xsd" version="3.0" name="TestSuite" time="111.348" tests="8" errors="0" skipped="0" failures="0">
  <properties>
[...]
</properties>
  <testcase name="verifyAddToCart" classname="amazon_nagp_automation.testclass.SmokeTest" time="16.824">
    <system-out><![CDATA[Current test results Folder has cleaned
chrome
[INFO ] 2021-05-16 21:19:20.954 [TestNG-test=Chrome Test-1] AddToCartPage - Adding Item in the cart
[INFO ] 2021-05-16 21:19:21.006 [TestNG-test=Chrome Test-1] SearchBookPage - select Books from the list of items
[INFO ] 2021-05-16 21:19:21.189 [TestNG-test=Chrome Test-1] SearchBookPage - Enter the book name in the search box :Java
[INFO ] 2021-05-16 21:19:23.065 [TestNG-test=Chrome Test-1] SearchBookPage - Search button clicked
[INFO ] 2021-05-16 21:19:23.129 [TestNG-test=Chrome Test-1] SearchBookPage - Item List page verified
[INFO ] 2021-05-16 21:19:23.129 [TestNG-test=Chrome Test-1] AddToCartPage - Click and Open the Item
[INFO ] 2021-05-16 21:19:23.329 [TestNG-test=Chrome Test-1] AddToCartPage - Switch to Item page
[INFO ] 2021-05-16 21:19:28.742 [TestNG-test=Chrome Test-1] AddToCartPage - Add To Cart button verified and clicked
[INFO ] 2021-05-16 21:19:28.851 [TestNG-test=Chrome Test-1] AddToCartPage - Item added into cart successfully
[INFO ] 2021-05-16 21:19:29.971 [TestNG-test=Chrome Test-1] AddToCartPage - Proceed to Buy button verified and clicked
[INFO ] 2021-05-16 21:19:29.974 [TestNG-test=Chrome Test-1] LoginPage - enter the email: abcNAGP@gmail.com
[INFO ] 2021-05-16 21:19:31.344 [TestNG-test=Chrome Test-1] LoginPage - Click Continue button
[INFO ] 2021-05-16 21:19:31.400 [TestNG-test=Chrome Test-1] LoginPage - Invalid login message verified successfully
]]></system-out>
    <system-err><![CDATA[Starting ChromeDriver 89.0.4389.23 (61b08ee2c50024bab004e48d2b1b083cdbdac579-refs/branch-heads/4389@{#294}) on port 37904
Only local connections are allowed.
Please see https://chromedriver.chromium.org/security-considerations for suggestions on keeping ChromeDriver safe.
ChromeDriver was started successfully.
[1621180156.910][WARNING]: This version of ChromeDriver has not been tested with Chrome version 90.
May 16, 2021 9:19:16 PM org.openqa.selenium.remote.ProtocolHandshake createSession
INFO: Detected dialect: W3C
]]></system-err>
  </testcase>
  <testcase name="verifyAmazonPrime" classname="amazon_nagp_automation.testclass.SmokeTest" time="8.684">
    <system-out><![CDATA[chrome
[INFO ] 2021-05-16 21:19:37.211 [TestNG-test=Chrome Test-1] AmazonPrimePage - Amazon Prime link verified
[INFO ] 2021-05-16 21:19:37.376 [TestNG-test=Chrome Test-1] AmazonPrimePage - Mouseover on the Prime link
[INFO ] 2021-05-16 21:19:39.252 [TestNG-test=Chrome Test-1] AmazonPrimePage - Amazon Prime Page opened
[INFO ] 2021-05-16 21:19:40.063 [TestNG-test=Chrome Test-1] AmazonPrimePage - Verified Amazon Prime join
[INFO ] 2021-05-16 21:19:40.063 [TestNG-test=Chrome Test-1] LoginPage - enter the email: abcNAGP@gmail.com
[INFO ] 2021-05-16 21:19:40.862 [TestNG-test=Chrome Test-1] LoginPage - Click Continue button
[INFO ] 2021-05-16 21:19:40.904 [TestNG-test=Chrome Test-1] LoginPage - Invalid login message verified successfully
]]></system-out>
    <system-err><![CDATA[Starting ChromeDriver 89.0.4389.23 (61b08ee2c50024bab004e48d2b1b083cdbdac579-refs/branch-heads/4389@{#294}) on port 19938
Only local connections are allowed.
Please see https://chromedriver.chromium.org/security-considerations for suggestions on keeping ChromeDriver safe.
ChromeDriver was started successfully.
[1621180173.421][WARNING]: This version of ChromeDriver has not been tested with Chrome version 90.
May 16, 2021 9:19:33 PM org.openqa.selenium.remote.ProtocolHandshake createSession
INFO: Detected dialect: W3C
]]></system-err>
  </testcase>
  <testcase name="verifyChangeLanguage" classname="amazon_nagp_automation.testclass.SmokeTest" time="10.369">
    <system-out><![CDATA[chrome
[INFO ] 2021-05-16 21:19:46.616 [TestNG-test=Chrome Test-1] ChangeLanguagePage - Verified language change country flag icon
[INFO ] 2021-05-16 21:19:46.772 [TestNG-test=Chrome Test-1] ChangeLanguagePage - Mouseover on the country flag icon
[INFO ] 2021-05-16 21:19:47.622 [TestNG-test=Chrome Test-1] ChangeLanguagePage - country flag icon clicked
[INFO ] 2021-05-16 21:19:47.675 [TestNG-test=Chrome Test-1] ChangeLanguagePage - Verified language change page
[INFO ] 2021-05-16 21:19:47.754 [TestNG-test=Chrome Test-1] ChangeLanguagePage - Desired language radio button clicked
[INFO ] 2021-05-16 21:19:49.689 [TestNG-test=Chrome Test-1] ChangeLanguagePage - Save button clicked
[INFO ] 2021-05-16 21:19:49.740 [TestNG-test=Chrome Test-1] ChangeLanguagePage - Verified home page
[INFO ] 2021-05-16 21:19:49.904 [TestNG-test=Chrome Test-1] ChangeLanguagePage - Mouseover on the country flag icon
[INFO ] 2021-05-16 21:19:51.998 [TestNG-test=Chrome Test-1] ChangeLanguagePage - Desired language has selected successfully
]]></system-out>
    <system-err><![CDATA[Starting ChromeDriver 89.0.4389.23 (61b08ee2c50024bab004e48d2b1b083cdbdac579-refs/branch-heads/4389@{#294}) on port 39609
Only local connections are allowed.
Please see https://chromedriver.chromium.org/security-considerations for suggestions on keeping ChromeDriver safe.
ChromeDriver was started successfully.
[1621180182.816][WARNING]: This version of ChromeDriver has not been tested with Chrome version 90.
May 16, 2021 9:19:42 PM org.openqa.selenium.remote.ProtocolHandshake createSession
INFO: Detected dialect: W3C
]]></system-err>
  </testcase>
  <testcase name="verifyDeleteAndReAddOrder" classname="amazon_nagp_automation.testclass.SmokeTest" time="19.735">
    <system-out><![CDATA[chrome
[INFO ] 2021-05-16 21:19:58.090 [TestNG-test=Chrome Test-1] AddToCartPage - Adding Item in the cart
[INFO ] 2021-05-16 21:19:58.150 [TestNG-test=Chrome Test-1] SearchBookPage - select Books from the list of items
[INFO ] 2021-05-16 21:19:58.281 [TestNG-test=Chrome Test-1] SearchBookPage - Enter the book name in the search box :Java
[INFO ] 2021-05-16 21:20:00.045 [TestNG-test=Chrome Test-1] SearchBookPage - Search button clicked
[INFO ] 2021-05-16 21:20:00.110 [TestNG-test=Chrome Test-1] SearchBookPage - Item List page verified
[INFO ] 2021-05-16 21:20:00.110 [TestNG-test=Chrome Test-1] AddToCartPage - Click and Open the Item
[INFO ] 2021-05-16 21:20:00.311 [TestNG-test=Chrome Test-1] AddToCartPage - Switch to Item page
[INFO ] 2021-05-16 21:20:05.094 [TestNG-test=Chrome Test-1] AddToCartPage - Add To Cart button verified and clicked
[INFO ] 2021-05-16 21:20:05.214 [TestNG-test=Chrome Test-1] AddToCartPage - Item added into cart successfully
[INFO ] 2021-05-16 21:20:06.449 [TestNG-test=Chrome Test-1] DeleteAndReAddItemPage - Open the cart page
[INFO ] 2021-05-16 21:20:06.521 [TestNG-test=Chrome Test-1] DeleteAndReAddItemPage - Cart page opened successfully
[INFO ] 2021-05-16 21:20:06.641 [TestNG-test=Chrome Test-1] DeleteAndReAddItemPage - Delete item button clicked
[INFO ] 2021-05-16 21:20:07.232 [TestNG-test=Chrome Test-1] DeleteAndReAddItemPage - verify cart is empty or not after deleting the item
[INFO ] 2021-05-16 21:20:08.994 [TestNG-test=Chrome Test-1] DeleteAndReAddItemPage - Scroll to the Re-Order button
[INFO ] 2021-05-16 21:20:11.382 [TestNG-test=Chrome Test-1] DeleteAndReAddItemPage - Re-Order button clicked
[INFO ] 2021-05-16 21:20:12.408 [TestNG-test=Chrome Test-1] AddToCartPage - Add To Cart button verified and clicked
[INFO ] 2021-05-16 21:20:12.489 [TestNG-test=Chrome Test-1] AddToCartPage - Item added into cart successfully
]]></system-out>
    <system-err><![CDATA[Starting ChromeDriver 89.0.4389.23 (61b08ee2c50024bab004e48d2b1b083cdbdac579-refs/branch-heads/4389@{#294}) on port 16307
Only local connections are allowed.
Please see https://chromedriver.chromium.org/security-considerations for suggestions on keeping ChromeDriver safe.
ChromeDriver was started successfully.
[1621180194.031][WARNING]: This version of ChromeDriver has not been tested with Chrome version 90.
May 16, 2021 9:19:54 PM org.openqa.selenium.remote.ProtocolHandshake createSession
INFO: Detected dialect: W3C
]]></system-err>
  </testcase>
  <testcase name="verifyInvalidLogin" classname="amazon_nagp_automation.testclass.SmokeTest" time="6.378">
    <system-out><![CDATA[chrome
[INFO ] 2021-05-16 21:20:18.981 [TestNG-test=Chrome Test-1] LoginPage - Verified and clicked the Sign In button
[INFO ] 2021-05-16 21:20:19.018 [TestNG-test=Chrome Test-1] LoginPage - Sign In page opened successfully
[INFO ] 2021-05-16 21:20:19.018 [TestNG-test=Chrome Test-1] LoginPage - enter the email: abcNAGP@gmail.com
[INFO ] 2021-05-16 21:20:19.716 [TestNG-test=Chrome Test-1] LoginPage - Click Continue button
[INFO ] 2021-05-16 21:20:19.750 [TestNG-test=Chrome Test-1] LoginPage - Invalid login message verified successfully
]]></system-out>
    <system-err><![CDATA[Starting ChromeDriver 89.0.4389.23 (61b08ee2c50024bab004e48d2b1b083cdbdac579-refs/branch-heads/4389@{#294}) on port 33512
Only local connections are allowed.
Please see https://chromedriver.chromium.org/security-considerations for suggestions on keeping ChromeDriver safe.
ChromeDriver was started successfully.
[1621180214.644][WARNING]: This version of ChromeDriver has not been tested with Chrome version 90.
May 16, 2021 9:20:14 PM org.openqa.selenium.remote.ProtocolHandshake createSession
INFO: Detected dialect: W3C
]]></system-err>
  </testcase>
  <testcase name="verifyNewReleases" classname="amazon_nagp_automation.testclass.SmokeTest" time="21.701">
    <system-out><![CDATA[chrome
[INFO ] 2021-05-16 21:20:25.232 [TestNG-test=Chrome Test-1] NewReleasesPage - Opening the New Release Page
[INFO ] 2021-05-16 21:20:25.288 [TestNG-test=Chrome Test-1] NewReleasesPage - Clicking the All Dropdown
[INFO ] 2021-05-16 21:20:27.189 [TestNG-test=Chrome Test-1] NewReleasesPage - Clicking the New Releases link
[INFO ] 2021-05-16 21:20:28.364 [TestNG-test=Chrome Test-1] NewReleasesPage - Fetch the New Releases Page URL
[INFO ] 2021-05-16 21:20:28.411 [TestNG-test=Chrome Test-1] NewReleasesPage - The total no. of items present in New Releases Page is : 3
[INFO ] 2021-05-16 21:20:28.411 [TestNG-test=Chrome Test-1] NewReleasesPage - Add item in add to cart
[INFO ] 2021-05-16 21:20:35.199 [TestNG-test=Chrome Test-1] AddToCartPage - Add To Cart button verified and clicked
[INFO ] 2021-05-16 21:20:35.252 [TestNG-test=Chrome Test-1] AddToCartPage - Item added into cart successfully
[INFO ] 2021-05-16 21:20:35.252 [TestNG-test=Chrome Test-1] NewReleasesPage - Navigate back to the New Release Page
[INFO ] 2021-05-16 21:20:36.013 [TestNG-test=Chrome Test-1] NewReleasesPage - Add item in add to cart
[INFO ] 2021-05-16 21:20:38.845 [TestNG-test=Chrome Test-1] NewReleasesPage - Add item in add to cart
[INFO ] 2021-05-16 21:20:42.173 [TestNG-test=Chrome Test-1] NewReleasesPage - All the items of New Releases Page are added into cart
]]></system-out>
    <system-err><![CDATA[Starting ChromeDriver 89.0.4389.23 (61b08ee2c50024bab004e48d2b1b083cdbdac579-refs/branch-heads/4389@{#294}) on port 45730
Only local connections are allowed.
Please see https://chromedriver.chromium.org/security-considerations for suggestions on keeping ChromeDriver safe.
ChromeDriver was started successfully.
[1621180221.667][WARNING]: This version of ChromeDriver has not been tested with Chrome version 90.
May 16, 2021 9:20:21 PM org.openqa.selenium.remote.ProtocolHandshake createSession
INFO: Detected dialect: W3C
]]></system-err>
  </testcase>
  <testcase name="verifySearch" classname="amazon_nagp_automation.testclass.SmokeTest" time="8.539">
    <system-out><![CDATA[chrome
[INFO ] 2021-05-16 21:20:48.968 [TestNG-test=Chrome Test-1] SearchBookPage - select Books from the list of items
[INFO ] 2021-05-16 21:20:49.119 [TestNG-test=Chrome Test-1] SearchBookPage - Enter the book name in the search box :Java
[INFO ] 2021-05-16 21:20:51.140 [TestNG-test=Chrome Test-1] SearchBookPage - Search button clicked
[INFO ] 2021-05-16 21:20:51.208 [TestNG-test=Chrome Test-1] SearchBookPage - Item List page verified
[INFO ] 2021-05-16 21:20:51.208 [TestNG-test=Chrome Test-1] SearchBookPage - fetch list of all the items visible on the page
[INFO ] 2021-05-16 21:20:51.236 [TestNG-test=Chrome Test-1] SearchBookPage - verify price tag for the items
[INFO ] 2021-05-16 21:20:51.656 [TestNG-test=Chrome Test-1] SearchBookPage - verifed price tag for all the items
]]></system-out>
    <system-err><![CDATA[Starting ChromeDriver 89.0.4389.23 (61b08ee2c50024bab004e48d2b1b083cdbdac579-refs/branch-heads/4389@{#294}) on port 43644
Only local connections are allowed.
Please see https://chromedriver.chromium.org/security-considerations for suggestions on keeping ChromeDriver safe.
ChromeDriver was started successfully.
[1621180244.341][WARNING]: This version of ChromeDriver has not been tested with Chrome version 90.
May 16, 2021 9:20:44 PM org.openqa.selenium.remote.ProtocolHandshake createSession
INFO: Detected dialect: W3C
]]></system-err>
  </testcase>
  <testcase name="verifySelectYourAddress" classname="amazon_nagp_automation.testclass.SmokeTest" time="11.65">
    <system-out><![CDATA[chrome
[INFO ] 2021-05-16 21:20:57.949 [TestNG-test=Chrome Test-1] SelectYourAddressPage - Verified at clicked the address link
[INFO ] 2021-05-16 21:20:57.983 [TestNG-test=Chrome Test-1] SelectYourAddressPage - Switched to the new window
[INFO ] 2021-05-16 21:21:01.255 [TestNG-test=Chrome Test-1] SelectYourAddressPage - verified the address page
[INFO ] 2021-05-16 21:21:01.435 [TestNG-test=Chrome Test-1] SelectYourAddressPage - Invalid Pincode entered :111111 and clicked the apply button
[INFO ] 2021-05-16 21:21:02.028 [TestNG-test=Chrome Test-1] SelectYourAddressPage - verified the invalid Pincode error message
[INFO ] 2021-05-16 21:21:02.218 [TestNG-test=Chrome Test-1] SelectYourAddressPage - Valid Pincode entered :110023 and clicked the apply button
[INFO ] 2021-05-16 21:21:04.343 [TestNG-test=Chrome Test-1] SelectYourAddressPage - Switch back to the home page
[INFO ] 2021-05-16 21:21:04.380 [TestNG-test=Chrome Test-1] SelectYourAddressPage - Address has been selected
]]></system-out>
    <system-err><![CDATA[Starting ChromeDriver 89.0.4389.23 (61b08ee2c50024bab004e48d2b1b083cdbdac579-refs/branch-heads/4389@{#294}) on port 30290
Only local connections are allowed.
Please see https://chromedriver.chromium.org/security-considerations for suggestions on keeping ChromeDriver safe.
ChromeDriver was started successfully.
[1621180253.913][WARNING]: This version of ChromeDriver has not been tested with Chrome version 90.
May 16, 2021 9:20:53 PM org.openqa.selenium.remote.ProtocolHandshake createSession
INFO: Detected dialect: W3C
]]></system-err>
  </testcase>
</testsuite>