<?xml version="1.0" encoding="UTF-8"?>
<testng-results skipped="1" failed="0" total="2" passed="1">
  <reporter-output>
  </reporter-output>
  <suite name="Amazon NAGP Smoke Suite" duration-ms="53" started-at="2022-02-23T07:40:27Z" finished-at="2022-02-23T07:40:27Z">
    <groups>
    </groups>
    <test name="Chrome Test" duration-ms="53" started-at="2022-02-23T07:40:27Z" finished-at="2022-02-23T07:40:27Z">
      <class name="amazon_nagp_automation.testclass.SmokeTest">
        <test-method status="PASS" signature="setUpReport()[pri:0, instance:amazon_nagp_automation.testclass.SmokeTest@5fb759d6]" name="setUpReport" is-config="true" duration-ms="100" started-at="2022-02-23T13:10:27Z" finished-at="2022-02-23T13:10:27Z">
          <reporter-output>
          </reporter-output>
        </test-method> <!-- setUpReport -->
        <test-method status="PASS" signature="verifyInvalidLogin()[pri:0, instance:amazon_nagp_automation.testclass.SmokeTest@5fb759d6]" name="verifyInvalidLogin" duration-ms="21" started-at="2022-02-23T13:10:27Z" description="Verify LoginPage" finished-at="2022-02-23T13:10:27Z">
          <reporter-output>
          </reporter-output>
        </test-method> <!-- verifyInvalidLogin -->
        <test-method status="FAIL" signature="tearDown()[pri:0, instance:amazon_nagp_automation.testclass.SmokeTest@5fb759d6]" name="tearDown" is-config="true" duration-ms="0" started-at="2022-02-23T13:10:27Z" finished-at="2022-02-23T13:10:27Z">
          <exception class="java.lang.NullPointerException">
            <full-stacktrace>
              <![CDATA[java.lang.NullPointerException
	at amazon_nagp_automation.testclass.SmokeTest.tearDown(SmokeTest.java:56)
	at sun.reflect.NativeMethodAccessorImpl.invoke0(Native Method)
	at sun.reflect.NativeMethodAccessorImpl.invoke(Unknown Source)
	at sun.reflect.DelegatingMethodAccessorImpl.invoke(Unknown Source)
	at java.lang.reflect.Method.invoke(Unknown Source)
	at org.testng.internal.MethodInvocationHelper.invokeMethod(MethodInvocationHelper.java:100)
	at org.testng.internal.Invoker.invokeConfigurationMethod(Invoker.java:515)
	at org.testng.internal.Invoker.invokeConfigurations(Invoker.java:216)
	at org.testng.internal.Invoker.invokeMethod(Invoker.java:712)
	at org.testng.internal.Invoker.invokeTestMethod(Invoker.java:811)
	at org.testng.internal.Invoker.invokeTestMethods(Invoker.java:1137)
	at org.testng.internal.TestMethodWorker.invokeTestMethods(TestMethodWorker.java:129)
	at org.testng.internal.TestMethodWorker.run(TestMethodWorker.java:112)
	at java.util.concurrent.ThreadPoolExecutor.runWorker(Unknown Source)
	at java.util.concurrent.ThreadPoolExecutor$Worker.run(Unknown Source)
	at java.lang.Thread.run(Unknown Source)
]]>
            </full-stacktrace>
          </exception> <!-- java.lang.NullPointerException -->
          <reporter-output>
          </reporter-output>
        </test-method> <!-- tearDown -->
        <test-method status="SKIP" signature="getResult(org.testng.ITestResult)[pri:0, instance:amazon_nagp_automation.testclass.SmokeTest@5fb759d6]" name="getResult" is-config="true" duration-ms="0" started-at="2022-02-23T13:10:27Z" finished-at="2022-02-23T13:10:27Z">
          <reporter-output>
          </reporter-output>
        </test-method> <!-- getResult -->
        <test-method status="SKIP" signature="verifySelectYourAddress()[pri:0, instance:amazon_nagp_automation.testclass.SmokeTest@5fb759d6]" name="verifySelectYourAddress" duration-ms="1" started-at="2022-02-23T13:10:27Z" description="Verify Select Your Address" finished-at="2022-02-23T13:10:27Z">
          <reporter-output>
          </reporter-output>
        </test-method> <!-- verifySelectYourAddress -->
        <test-method status="SKIP" signature="tearDown()[pri:0, instance:amazon_nagp_automation.testclass.SmokeTest@5fb759d6]" name="tearDown" is-config="true" duration-ms="0" started-at="2022-02-23T13:10:27Z" finished-at="2022-02-23T13:10:27Z">
          <reporter-output>
          </reporter-output>
        </test-method> <!-- tearDown -->
        <test-method status="SKIP" signature="getResult(org.testng.ITestResult)[pri:0, instance:amazon_nagp_automation.testclass.SmokeTest@5fb759d6]" name="getResult" is-config="true" duration-ms="0" started-at="2022-02-23T13:10:27Z" finished-at="2022-02-23T13:10:27Z">
          <reporter-output>
          </reporter-output>
        </test-method> <!-- getResult -->
        <test-method status="SKIP" signature="flushReport()[pri:0, instance:amazon_nagp_automation.testclass.SmokeTest@5fb759d6]" name="flushReport" is-config="true" duration-ms="0" started-at="2022-02-23T13:10:27Z" finished-at="2022-02-23T13:10:27Z">
          <reporter-output>
          </reporter-output>
        </test-method> <!-- flushReport -->
      </class> <!-- amazon_nagp_automation.testclass.SmokeTest -->
    </test> <!-- Chrome Test -->
  </suite> <!-- Amazon NAGP Smoke Suite -->
</testng-results>
